app/build/intermediates/manifest_merge_blame_file/debug/manifest-merger-blame-debug-report.txt
1<?xml version="1.0" encoding="utf-8"?>
2<manifest xmlns:android="http://schemas.android.com/apk/res/android"
3    package="com.google.mlkit.samples.vision.digitalink"
4    android:versionCode="1"
5    android:versionName="1.0" >
6
7    <uses-sdk
8        android:minSdkVersion="30"
8-->src\main\AndroidManifest.xml
9        android:targetSdkVersion="31" />
9-->src\main\AndroidManifest.xml
10
11    <uses-permission android:name="android.permission.ACCESS_NETWORK_STATE" />
11-->src\main\AndroidManifest.xml:5:3-77
11-->src\main\AndroidManifest.xml:5:20-74
12    <!-- For downloading -->
13    <uses-permission android:name="android.permission.MODIFY_AUDIO_SETTINGS" />
13-->src\main\AndroidManifest.xml:7:3-78
13-->src\main\AndroidManifest.xml:7:20-75
14    <uses-permission android:name="android.permission.INTERNET" />
14-->src\main\AndroidManifest.xml:8:3-65
14-->src\main\AndroidManifest.xml:8:20-62
15    <uses-permission android:name="android.permission.WRITE_EXTERNAL_STORAGE" />
15-->src\main\AndroidManifest.xml:9:3-79
15-->src\main\AndroidManifest.xml:9:20-76
16
17    <queries>
17-->[androidx.camera:camera-extensions:1.1.0] AndroidManifest.xml:24:5-28:15
18        <intent>
18-->[androidx.camera:camera-extensions:1.1.0] AndroidManifest.xml:25:9-27:18
19            <action android:name="androidx.camera.extensions.action.VENDOR_ACTION" />
19-->[androidx.camera:camera-extensions:1.1.0] AndroidManifest.xml:26:13-86
19-->[androidx.camera:camera-extensions:1.1.0] AndroidManifest.xml:26:21-83
20        </intent>
21    </queries>
22
23    <uses-feature android:name="android.hardware.camera" />
23-->[com.sendbird.sdk:sendbird-calls:1.8.0] AndroidManifest.xml:10:5-60
23-->[com.sendbird.sdk:sendbird-calls:1.8.0] AndroidManifest.xml:10:19-57
24    <uses-feature android:name="android.hardware.camera.autofocus" />
24-->[com.sendbird.sdk:sendbird-calls:1.8.0] AndroidManifest.xml:11:5-70
24-->[com.sendbird.sdk:sendbird-calls:1.8.0] AndroidManifest.xml:11:19-67
25    <uses-feature
25-->[com.sendbird.sdk:sendbird-calls:1.8.0] AndroidManifest.xml:12:5-14:35
26        android:glEsVersion="0x00020000"
26-->[com.sendbird.sdk:sendbird-calls:1.8.0] AndroidManifest.xml:13:9-41
27        android:required="true" />
27-->[com.sendbird.sdk:sendbird-calls:1.8.0] AndroidManifest.xml:14:9-32
28
29    <uses-permission android:name="android.permission.CAMERA" />
29-->[com.sendbird.sdk:sendbird-calls:1.8.0] AndroidManifest.xml:16:5-65
29-->[com.sendbird.sdk:sendbird-calls:1.8.0] AndroidManifest.xml:16:22-62
30    <uses-permission android:name="android.permission.RECORD_AUDIO" /> <!-- Mandatory -->
30-->[com.sendbird.sdk:sendbird-calls:1.8.0] AndroidManifest.xml:19:5-71
30-->[com.sendbird.sdk:sendbird-calls:1.8.0] AndroidManifest.xml:19:22-68
31    <uses-permission android:name="android.permission.BLUETOOTH" />
31-->[com.sendbird.sdk:sendbird-calls:1.8.0] AndroidManifest.xml:20:5-68
31-->[com.sendbird.sdk:sendbird-calls:1.8.0] AndroidManifest.xml:20:22-65
32    <uses-permission android:name="android.permission.ACCESS_WIFI_STATE" />
32-->[com.sendbird.sdk:sendbird-calls:1.8.0] AndroidManifest.xml:25:5-76
32-->[com.sendbird.sdk:sendbird-calls:1.8.0] AndroidManifest.xml:25:22-73
33    <uses-permission android:name="android.permission.WAKE_LOCK" />
33-->[androidx.work:work-runtime:2.7.0] AndroidManifest.xml:25:5-68
33-->[androidx.work:work-runtime:2.7.0] AndroidManifest.xml:25:22-65
34    <uses-permission android:name="android.permission.RECEIVE_BOOT_COMPLETED" />
34-->[androidx.work:work-runtime:2.7.0] AndroidManifest.xml:27:5-81
34-->[androidx.work:work-runtime:2.7.0] AndroidManifest.xml:27:22-78
35    <uses-permission android:name="android.permission.FOREGROUND_SERVICE" />
35-->[androidx.work:work-runtime:2.7.0] AndroidManifest.xml:28:5-77
35-->[androidx.work:work-runtime:2.7.0] AndroidManifest.xml:28:22-74
36
37    <application
37-->src\main\AndroidManifest.xml:11:3-89:17
38        android:name="androidx.multidex.MultiDexApplication"
38-->src\main\AndroidManifest.xml:11:16-68
39        android:appComponentFactory="androidx.core.app.CoreComponentFactory"
39-->[androidx.core:core:1.8.0] AndroidManifest.xml:24:18-86
40        android:debuggable="true"
41        android:extractNativeLibs="false"
42        android:icon="@mipmap/ic_launcher"
42-->src\main\AndroidManifest.xml:12:7-41
43        android:label="@string/app_name"
43-->src\main\AndroidManifest.xml:12:42-74
44        android:testOnly="true"
45        android:theme="@style/Theme.AppCompat.Light.DarkActionBar" >
45-->src\main\AndroidManifest.xml:13:7-65
46        <activity
46-->src\main\AndroidManifest.xml:15:5-25:16
47            android:name="com.google.mlkit.samples.vision.digitalink.kotlin.DigitalInkMainActivity"
47-->src\main\AndroidManifest.xml:16:9-96
48            android:exported="true"
48-->src\main\AndroidManifest.xml:18:9-32
49            android:label="@string/title_activity_main"
49-->src\main\AndroidManifest.xml:17:9-52
50            android:screenOrientation="portrait" >
50-->src\main\AndroidManifest.xml:19:9-45
51            <intent-filter>
51-->src\main\AndroidManifest.xml:20:7-24:23
52                <action android:name="android.intent.action.MAIN" />
52-->src\main\AndroidManifest.xml:21:9-61
52-->src\main\AndroidManifest.xml:21:17-58
53
54                <category android:name="android.intent.category.LAUNCHER" />
54-->src\main\AndroidManifest.xml:23:9-69
54-->src\main\AndroidManifest.xml:23:19-66
55            </intent-filter>
56        </activity>
57        <activity
57-->src\main\AndroidManifest.xml:31:5-37:16
58            android:name="com.google.mlkit.samples.vision.digitalink.ui.activity.PreviewActivity"
58-->src\main\AndroidManifest.xml:32:9-52
59            android:exported="false" >
59-->src\main\AndroidManifest.xml:33:9-33
60            <meta-data
60-->src\main\AndroidManifest.xml:34:7-36:30
61                android:name="android.app.lib_name"
61-->src\main\AndroidManifest.xml:35:11-46
62                android:value="" />
62-->src\main\AndroidManifest.xml:36:11-27
63        </activity>
64        <activity
64-->src\main\AndroidManifest.xml:38:5-44:16
65            android:name="com.google.mlkit.samples.vision.digitalink.ui.activity.CallActivity"
65-->src\main\AndroidManifest.xml:39:9-49
66            android:exported="false" >
66-->src\main\AndroidManifest.xml:40:9-33
67            <meta-data
67-->src\main\AndroidManifest.xml:34:7-36:30
68                android:name="android.app.lib_name"
68-->src\main\AndroidManifest.xml:35:11-46
69                android:value="" />
69-->src\main\AndroidManifest.xml:36:11-27
70        </activity>
71        <activity
71-->src\main\AndroidManifest.xml:45:5-52:16
72            android:name="com.google.mlkit.samples.vision.digitalink.ui.activity.MainActivity"
72-->src\main\AndroidManifest.xml:46:9-49
73            android:exported="true" >
73-->src\main\AndroidManifest.xml:47:9-32
74            <meta-data
74-->src\main\AndroidManifest.xml:34:7-36:30
75                android:name="android.app.lib_name"
75-->src\main\AndroidManifest.xml:35:11-46
76                android:value="" />
76-->src\main\AndroidManifest.xml:36:11-27
77        </activity>
78
79        <!--
80    Replace the activity declaration above with the following one for trying out the kotlin version of the app.
81    <activity
82       android:name="com.google.mlkit.samples.vision.digitalink.kotlin.DigitalInkMainActivity"
83       android:label="@string/title_activity_main"
84       android:exported="true"
85       android:screenOrientation="portrait" >
86       <intent-filter>
87           <action android:name="android.intent.action.MAIN" />
88
89           <category android:name="android.intent.category.LAUNCHER" />
90       </intent-filter>
91    </activity>
92        -->
93        <uses-library
93-->[androidx.camera:camera-extensions:1.1.0] AndroidManifest.xml:31:9-33:40
94            android:name="androidx.camera.extensions.impl"
94-->[androidx.camera:camera-extensions:1.1.0] AndroidManifest.xml:32:13-59
95            android:required="false" />
95-->[androidx.camera:camera-extensions:1.1.0] AndroidManifest.xml:33:13-37
96
97        <service
97-->[androidx.camera:camera-camera2:1.1.0] AndroidManifest.xml:26:9-35:19
98            android:name="androidx.camera.core.impl.MetadataHolderService"
98-->[androidx.camera:camera-camera2:1.1.0] AndroidManifest.xml:27:13-75
99            android:enabled="false"
99-->[androidx.camera:camera-camera2:1.1.0] AndroidManifest.xml:28:13-36
100            android:exported="false" >
100-->[androidx.camera:camera-camera2:1.1.0] AndroidManifest.xml:29:13-37
101            <meta-data
101-->[androidx.camera:camera-camera2:1.1.0] AndroidManifest.xml:32:13-34:89
102                android:name="androidx.camera.core.impl.MetadataHolderService.DEFAULT_CONFIG_PROVIDER"
102-->[androidx.camera:camera-camera2:1.1.0] AndroidManifest.xml:33:17-103
103                android:value="androidx.camera.camera2.Camera2Config$DefaultProvider" />
103-->[androidx.camera:camera-camera2:1.1.0] AndroidManifest.xml:34:17-86
104        </service>
105        <service
105-->[com.google.mlkit:digital-ink-recognition:18.1.0] AndroidManifest.xml:12:9-18:19
106            android:name="com.google.mlkit.common.internal.MlKitComponentDiscoveryService"
106-->[com.google.mlkit:digital-ink-recognition:18.1.0] AndroidManifest.xml:13:13-91
107            android:directBootAware="true"
107-->[com.google.mlkit:common:18.6.0] AndroidManifest.xml:17:13-43
108            android:exported="false" >
108-->[com.google.mlkit:digital-ink-recognition:18.1.0] AndroidManifest.xml:14:13-37
109            <meta-data
109-->[com.google.mlkit:digital-ink-recognition:18.1.0] AndroidManifest.xml:15:13-17:85
110                android:name="com.google.firebase.components:com.google.mlkit.vision.digitalink.internal.DigitalInkRecognitionRegistrar"
110-->[com.google.mlkit:digital-ink-recognition:18.1.0] AndroidManifest.xml:16:17-137
111                android:value="com.google.firebase.components.ComponentRegistrar" />
111-->[com.google.mlkit:digital-ink-recognition:18.1.0] AndroidManifest.xml:17:17-82
112            <meta-data
112-->[com.google.mlkit:common:18.6.0] AndroidManifest.xml:20:13-22:85
113                android:name="com.google.firebase.components:com.google.mlkit.common.internal.CommonComponentRegistrar"
113-->[com.google.mlkit:common:18.6.0] AndroidManifest.xml:21:17-120
114                android:value="com.google.firebase.components.ComponentRegistrar" />
114-->[com.google.mlkit:common:18.6.0] AndroidManifest.xml:22:17-82
115        </service>
116
117        <provider
117-->[com.google.mlkit:common:18.6.0] AndroidManifest.xml:9:9-13:38
118            android:name="com.google.mlkit.common.internal.MlKitInitProvider"
118-->[com.google.mlkit:common:18.6.0] AndroidManifest.xml:10:13-78
119            android:authorities="com.google.mlkit.samples.vision.digitalink.mlkitinitprovider"
119-->[com.google.mlkit:common:18.6.0] AndroidManifest.xml:11:13-69
120            android:exported="false"
120-->[com.google.mlkit:common:18.6.0] AndroidManifest.xml:12:13-37
121            android:initOrder="99" />
121-->[com.google.mlkit:common:18.6.0] AndroidManifest.xml:13:13-35
122
123        <activity
123-->[com.google.android.gms:play-services-base:18.1.0] AndroidManifest.xml:20:9-22:45
124            android:name="com.google.android.gms.common.api.GoogleApiActivity"
124-->[com.google.android.gms:play-services-base:18.1.0] AndroidManifest.xml:20:19-85
125            android:exported="false"
125-->[com.google.android.gms:play-services-base:18.1.0] AndroidManifest.xml:22:19-43
126            android:theme="@android:style/Theme.Translucent.NoTitleBar" />
126-->[com.google.android.gms:play-services-base:18.1.0] AndroidManifest.xml:21:19-78
127
128        <meta-data
128-->[com.google.android.gms:play-services-basement:18.1.0] AndroidManifest.xml:21:9-23:69
129            android:name="com.google.android.gms.version"
129-->[com.google.android.gms:play-services-basement:18.1.0] AndroidManifest.xml:22:13-58
130            android:value="@integer/google_play_services_version" />
130-->[com.google.android.gms:play-services-basement:18.1.0] AndroidManifest.xml:23:13-66
131
132        <service
132-->[com.sendbird.sdk:sendbird-android-sdk:3.1.22] AndroidManifest.xml:14:9-20:19
133            android:name="com.sendbird.android.SendBirdFirebaseInstanceIDService"
133-->[com.sendbird.sdk:sendbird-android-sdk:3.1.22] AndroidManifest.xml:15:13-82
134            android:exported="false" >
134-->[com.sendbird.sdk:sendbird-android-sdk:3.1.22] AndroidManifest.xml:16:13-37
135            <intent-filter>
135-->[com.sendbird.sdk:sendbird-android-sdk:3.1.22] AndroidManifest.xml:17:13-19:29
136                <action android:name="com.google.firebase.INSTANCE_ID_EVENT" />
136-->[com.sendbird.sdk:sendbird-android-sdk:3.1.22] AndroidManifest.xml:18:17-80
136-->[com.sendbird.sdk:sendbird-android-sdk:3.1.22] AndroidManifest.xml:18:25-77
137            </intent-filter>
138        </service>
139        <service
139-->[com.sendbird.sdk:sendbird-android-sdk:3.1.22] AndroidManifest.xml:21:9-27:19
140            android:name="com.sendbird.android.SendBirdFirebaseMessagingService"
140-->[com.sendbird.sdk:sendbird-android-sdk:3.1.22] AndroidManifest.xml:22:13-81
141            android:exported="false" >
141-->[com.sendbird.sdk:sendbird-android-sdk:3.1.22] AndroidManifest.xml:23:13-37
142            <intent-filter>
142-->[com.sendbird.sdk:sendbird-android-sdk:3.1.22] AndroidManifest.xml:24:13-26:29
143                <action android:name="com.google.firebase.MESSAGING_EVENT" />
143-->[com.sendbird.sdk:sendbird-android-sdk:3.1.22] AndroidManifest.xml:25:17-78
143-->[com.sendbird.sdk:sendbird-android-sdk:3.1.22] AndroidManifest.xml:25:25-75
144            </intent-filter>
145        </service>
146        <service
146-->[com.sendbird.sdk:sendbird-android-sdk:3.1.22] AndroidManifest.xml:28:9-34:19
147            android:name="com.sendbird.android.SendBirdHmsMessagingService"
147-->[com.sendbird.sdk:sendbird-android-sdk:3.1.22] AndroidManifest.xml:29:13-76
148            android:exported="false" >
148-->[com.sendbird.sdk:sendbird-android-sdk:3.1.22] AndroidManifest.xml:30:13-37
149            <intent-filter>
149-->[com.sendbird.sdk:sendbird-android-sdk:3.1.22] AndroidManifest.xml:31:13-33:29
150                <action android:name="com.huawei.push.action.MESSAGING_EVENT" />
150-->[com.sendbird.sdk:sendbird-android-sdk:3.1.22] AndroidManifest.xml:32:17-81
150-->[com.sendbird.sdk:sendbird-android-sdk:3.1.22] AndroidManifest.xml:32:25-78
151            </intent-filter>
152        </service>
153
154        <provider
154-->[androidx.work:work-runtime:2.7.0] AndroidManifest.xml:31:9-39:20
155            android:name="androidx.startup.InitializationProvider"
155-->[androidx.work:work-runtime:2.7.0] AndroidManifest.xml:32:13-67
156            android:authorities="com.google.mlkit.samples.vision.digitalink.androidx-startup"
156-->[androidx.work:work-runtime:2.7.0] AndroidManifest.xml:33:13-68
157            android:exported="false" >
157-->[androidx.work:work-runtime:2.7.0] AndroidManifest.xml:34:13-37
158            <meta-data
158-->[androidx.work:work-runtime:2.7.0] AndroidManifest.xml:36:13-38:52
159                android:name="androidx.work.WorkManagerInitializer"
159-->[androidx.work:work-runtime:2.7.0] AndroidManifest.xml:37:17-68
160                android:value="androidx.startup" />
160-->[androidx.work:work-runtime:2.7.0] AndroidManifest.xml:38:17-49
161            <meta-data
161-->[androidx.emoji2:emoji2:1.2.0] AndroidManifest.xml:29:13-31:52
162                android:name="androidx.emoji2.text.EmojiCompatInitializer"
162-->[androidx.emoji2:emoji2:1.2.0] AndroidManifest.xml:30:17-75
163                android:value="androidx.startup" />
163-->[androidx.emoji2:emoji2:1.2.0] AndroidManifest.xml:31:17-49
164            <meta-data
164-->[androidx.lifecycle:lifecycle-process:2.4.1] AndroidManifest.xml:31:13-33:52
165                android:name="androidx.lifecycle.ProcessLifecycleInitializer"
165-->[androidx.lifecycle:lifecycle-process:2.4.1] AndroidManifest.xml:32:17-78
166                android:value="androidx.startup" />
166-->[androidx.lifecycle:lifecycle-process:2.4.1] AndroidManifest.xml:33:17-49
167        </provider>
168
169        <service
169-->[androidx.work:work-runtime:2.7.0] AndroidManifest.xml:41:9-46:35
170            android:name="androidx.work.impl.background.systemalarm.SystemAlarmService"
170-->[androidx.work:work-runtime:2.7.0] AndroidManifest.xml:42:13-88
171            android:directBootAware="false"
171-->[androidx.work:work-runtime:2.7.0] AndroidManifest.xml:43:13-44
172            android:enabled="@bool/enable_system_alarm_service_default"
172-->[androidx.work:work-runtime:2.7.0] AndroidManifest.xml:44:13-72
173            android:exported="false" />
173-->[androidx.work:work-runtime:2.7.0] AndroidManifest.xml:45:13-37
174        <service
174-->[androidx.work:work-runtime:2.7.0] AndroidManifest.xml:47:9-53:35
175            android:name="androidx.work.impl.background.systemjob.SystemJobService"
175-->[androidx.work:work-runtime:2.7.0] AndroidManifest.xml:48:13-84
176            android:directBootAware="false"
176-->[androidx.work:work-runtime:2.7.0] AndroidManifest.xml:49:13-44
177            android:enabled="@bool/enable_system_job_service_default"
177-->[androidx.work:work-runtime:2.7.0] AndroidManifest.xml:50:13-70
178            android:exported="true"
178-->[androidx.work:work-runtime:2.7.0] AndroidManifest.xml:51:13-36
179            android:permission="android.permission.BIND_JOB_SERVICE" />
179-->[androidx.work:work-runtime:2.7.0] AndroidManifest.xml:52:13-69
180        <service
180-->[androidx.work:work-runtime:2.7.0] AndroidManifest.xml:54:9-59:35
181            android:name="androidx.work.impl.foreground.SystemForegroundService"
181-->[androidx.work:work-runtime:2.7.0] AndroidManifest.xml:55:13-81
182            android:directBootAware="false"
182-->[androidx.work:work-runtime:2.7.0] AndroidManifest.xml:56:13-44
183            android:enabled="@bool/enable_system_foreground_service_default"
183-->[androidx.work:work-runtime:2.7.0] AndroidManifest.xml:57:13-77
184            android:exported="false" />
184-->[androidx.work:work-runtime:2.7.0] AndroidManifest.xml:58:13-37
185
186        <receiver
186-->[androidx.work:work-runtime:2.7.0] AndroidManifest.xml:61:9-66:35
187            android:name="androidx.work.impl.utils.ForceStopRunnable$BroadcastReceiver"
187-->[androidx.work:work-runtime:2.7.0] AndroidManifest.xml:62:13-88
188            android:directBootAware="false"
188-->[androidx.work:work-runtime:2.7.0] AndroidManifest.xml:63:13-44
189            android:enabled="true"
189-->[androidx.work:work-runtime:2.7.0] AndroidManifest.xml:64:13-35
190            android:exported="false" />
190-->[androidx.work:work-runtime:2.7.0] AndroidManifest.xml:65:13-37
191        <receiver
191-->[androidx.work:work-runtime:2.7.0] AndroidManifest.xml:67:9-77:20
192            android:name="androidx.work.impl.background.systemalarm.ConstraintProxy$BatteryChargingProxy"
192-->[androidx.work:work-runtime:2.7.0] AndroidManifest.xml:68:13-106
193            android:directBootAware="false"
193-->[androidx.work:work-runtime:2.7.0] AndroidManifest.xml:69:13-44
194            android:enabled="false"
194-->[androidx.work:work-runtime:2.7.0] AndroidManifest.xml:70:13-36
195            android:exported="false" >
195-->[androidx.work:work-runtime:2.7.0] AndroidManifest.xml:71:13-37
196            <intent-filter>
196-->[androidx.work:work-runtime:2.7.0] AndroidManifest.xml:73:13-76:29
197                <action android:name="android.intent.action.ACTION_POWER_CONNECTED" />
197-->[androidx.work:work-runtime:2.7.0] AndroidManifest.xml:74:17-87
197-->[androidx.work:work-runtime:2.7.0] AndroidManifest.xml:74:25-84
198                <action android:name="android.intent.action.ACTION_POWER_DISCONNECTED" />
198-->[androidx.work:work-runtime:2.7.0] AndroidManifest.xml:75:17-90
198-->[androidx.work:work-runtime:2.7.0] AndroidManifest.xml:75:25-87
199            </intent-filter>
200        </receiver>
201        <receiver
201-->[androidx.work:work-runtime:2.7.0] AndroidManifest.xml:78:9-88:20
202            android:name="androidx.work.impl.background.systemalarm.ConstraintProxy$BatteryNotLowProxy"
202-->[androidx.work:work-runtime:2.7.0] AndroidManifest.xml:79:13-104
203            android:directBootAware="false"
203-->[androidx.work:work-runtime:2.7.0] AndroidManifest.xml:80:13-44
204            android:enabled="false"
204-->[androidx.work:work-runtime:2.7.0] AndroidManifest.xml:81:13-36
205            android:exported="false" >
205-->[androidx.work:work-runtime:2.7.0] AndroidManifest.xml:82:13-37
206            <intent-filter>
206-->[androidx.work:work-runtime:2.7.0] AndroidManifest.xml:84:13-87:29
207                <action android:name="android.intent.action.BATTERY_OKAY" />
207-->[androidx.work:work-runtime:2.7.0] AndroidManifest.xml:85:17-77
207-->[androidx.work:work-runtime:2.7.0] AndroidManifest.xml:85:25-74
208                <action android:name="android.intent.action.BATTERY_LOW" />
208-->[androidx.work:work-runtime:2.7.0] AndroidManifest.xml:86:17-76
208-->[androidx.work:work-runtime:2.7.0] AndroidManifest.xml:86:25-73
209            </intent-filter>
210        </receiver>
211        <receiver
211-->[androidx.work:work-runtime:2.7.0] AndroidManifest.xml:89:9-99:20
212            android:name="androidx.work.impl.background.systemalarm.ConstraintProxy$StorageNotLowProxy"
212-->[androidx.work:work-runtime:2.7.0] AndroidManifest.xml:90:13-104
213            android:directBootAware="false"
213-->[androidx.work:work-runtime:2.7.0] AndroidManifest.xml:91:13-44
214            android:enabled="false"
214-->[androidx.work:work-runtime:2.7.0] AndroidManifest.xml:92:13-36
215            android:exported="false" >
215-->[androidx.work:work-runtime:2.7.0] AndroidManifest.xml:93:13-37
216            <intent-filter>
216-->[androidx.work:work-runtime:2.7.0] AndroidManifest.xml:95:13-98:29
217                <action android:name="android.intent.action.DEVICE_STORAGE_LOW" />
217-->[androidx.work:work-runtime:2.7.0] AndroidManifest.xml:96:17-83
217-->[androidx.work:work-runtime:2.7.0] AndroidManifest.xml:96:25-80
218                <action android:name="android.intent.action.DEVICE_STORAGE_OK" />
218-->[androidx.work:work-runtime:2.7.0] AndroidManifest.xml:97:17-82
218-->[androidx.work:work-runtime:2.7.0] AndroidManifest.xml:97:25-79
219            </intent-filter>
220        </receiver>
221        <receiver
221-->[androidx.work:work-runtime:2.7.0] AndroidManifest.xml:100:9-109:20
222            android:name="androidx.work.impl.background.systemalarm.ConstraintProxy$NetworkStateProxy"
222-->[androidx.work:work-runtime:2.7.0] AndroidManifest.xml:101:13-103
223            android:directBootAware="false"
223-->[androidx.work:work-runtime:2.7.0] AndroidManifest.xml:102:13-44
224            android:enabled="false"
224-->[androidx.work:work-runtime:2.7.0] AndroidManifest.xml:103:13-36
225            android:exported="false" >
225-->[androidx.work:work-runtime:2.7.0] AndroidManifest.xml:104:13-37
226            <intent-filter>
226-->[androidx.work:work-runtime:2.7.0] AndroidManifest.xml:106:13-108:29
227                <action android:name="android.net.conn.CONNECTIVITY_CHANGE" />
227-->[androidx.work:work-runtime:2.7.0] AndroidManifest.xml:107:17-79
227-->[androidx.work:work-runtime:2.7.0] AndroidManifest.xml:107:25-76
228            </intent-filter>
229        </receiver>
230        <receiver
230-->[androidx.work:work-runtime:2.7.0] AndroidManifest.xml:110:9-121:20
231            android:name="androidx.work.impl.background.systemalarm.RescheduleReceiver"
231-->[androidx.work:work-runtime:2.7.0] AndroidManifest.xml:111:13-88
232            android:directBootAware="false"
232-->[androidx.work:work-runtime:2.7.0] AndroidManifest.xml:112:13-44
233            android:enabled="false"
233-->[androidx.work:work-runtime:2.7.0] AndroidManifest.xml:113:13-36
234            android:exported="false" >
234-->[androidx.work:work-runtime:2.7.0] AndroidManifest.xml:114:13-37
235            <intent-filter>
235-->[androidx.work:work-runtime:2.7.0] AndroidManifest.xml:116:13-120:29
236                <action android:name="android.intent.action.BOOT_COMPLETED" />
236-->[androidx.work:work-runtime:2.7.0] AndroidManifest.xml:117:17-79
236-->[androidx.work:work-runtime:2.7.0] AndroidManifest.xml:117:25-76
237                <action android:name="android.intent.action.TIME_SET" />
237-->[androidx.work:work-runtime:2.7.0] AndroidManifest.xml:118:17-73
237-->[androidx.work:work-runtime:2.7.0] AndroidManifest.xml:118:25-70
238                <action android:name="android.intent.action.TIMEZONE_CHANGED" />
238-->[androidx.work:work-runtime:2.7.0] AndroidManifest.xml:119:17-81
238-->[androidx.work:work-runtime:2.7.0] AndroidManifest.xml:119:25-78
239            </intent-filter>
240        </receiver>
241        <receiver
241-->[androidx.work:work-runtime:2.7.0] AndroidManifest.xml:122:9-131:20
242            android:name="androidx.work.impl.background.systemalarm.ConstraintProxyUpdateReceiver"
242-->[androidx.work:work-runtime:2.7.0] AndroidManifest.xml:123:13-99
243            android:directBootAware="false"
243-->[androidx.work:work-runtime:2.7.0] AndroidManifest.xml:124:13-44
244            android:enabled="@bool/enable_system_alarm_service_default"
244-->[androidx.work:work-runtime:2.7.0] AndroidManifest.xml:125:13-72
245            android:exported="false" >
245-->[androidx.work:work-runtime:2.7.0] AndroidManifest.xml:126:13-37
246            <intent-filter>
246-->[androidx.work:work-runtime:2.7.0] AndroidManifest.xml:128:13-130:29
247                <action android:name="androidx.work.impl.background.systemalarm.UpdateProxies" />
247-->[androidx.work:work-runtime:2.7.0] AndroidManifest.xml:129:17-98
247-->[androidx.work:work-runtime:2.7.0] AndroidManifest.xml:129:25-95
248            </intent-filter>
249        </receiver>
250        <receiver
250-->[androidx.work:work-runtime:2.7.0] AndroidManifest.xml:132:9-142:20
251            android:name="androidx.work.impl.diagnostics.DiagnosticsReceiver"
251-->[androidx.work:work-runtime:2.7.0] AndroidManifest.xml:133:13-78
252            android:directBootAware="false"
252-->[androidx.work:work-runtime:2.7.0] AndroidManifest.xml:134:13-44
253            android:enabled="true"
253-->[androidx.work:work-runtime:2.7.0] AndroidManifest.xml:135:13-35
254            android:exported="true"
254-->[androidx.work:work-runtime:2.7.0] AndroidManifest.xml:136:13-36
255            android:permission="android.permission.DUMP" >
255-->[androidx.work:work-runtime:2.7.0] AndroidManifest.xml:137:13-57
256            <intent-filter>
256-->[androidx.work:work-runtime:2.7.0] AndroidManifest.xml:139:13-141:29
257                <action android:name="androidx.work.diagnostics.REQUEST_DIAGNOSTICS" />
257-->[androidx.work:work-runtime:2.7.0] AndroidManifest.xml:140:17-88
257-->[androidx.work:work-runtime:2.7.0] AndroidManifest.xml:140:25-85
258            </intent-filter>
259        </receiver>
260
261        <service
261-->[com.google.android.datatransport:transport-backend-cct:2.3.3] AndroidManifest.xml:29:9-35:19
262            android:name="com.google.android.datatransport.runtime.backends.TransportBackendDiscovery"
262-->[com.google.android.datatransport:transport-backend-cct:2.3.3] AndroidManifest.xml:30:13-103
263            android:exported="false" >
263-->[com.google.android.datatransport:transport-backend-cct:2.3.3] AndroidManifest.xml:31:13-37
264            <meta-data
264-->[com.google.android.datatransport:transport-backend-cct:2.3.3] AndroidManifest.xml:32:13-34:39
265                android:name="backend:com.google.android.datatransport.cct.CctBackendFactory"
265-->[com.google.android.datatransport:transport-backend-cct:2.3.3] AndroidManifest.xml:33:17-94
266                android:value="cct" />
266-->[com.google.android.datatransport:transport-backend-cct:2.3.3] AndroidManifest.xml:34:17-36
267        </service>
268        <service
268-->[com.google.android.datatransport:transport-runtime:2.2.6] AndroidManifest.xml:26:9-30:19
269            android:name="com.google.android.datatransport.runtime.scheduling.jobscheduling.JobInfoSchedulerService"
269-->[com.google.android.datatransport:transport-runtime:2.2.6] AndroidManifest.xml:27:13-117
270            android:exported="false"
270-->[com.google.android.datatransport:transport-runtime:2.2.6] AndroidManifest.xml:28:13-37
271            android:permission="android.permission.BIND_JOB_SERVICE" >
271-->[com.google.android.datatransport:transport-runtime:2.2.6] AndroidManifest.xml:29:13-69
272        </service>
273
274        <receiver
274-->[com.google.android.datatransport:transport-runtime:2.2.6] AndroidManifest.xml:32:9-34:40
275            android:name="com.google.android.datatransport.runtime.scheduling.jobscheduling.AlarmManagerSchedulerBroadcastReceiver"
275-->[com.google.android.datatransport:transport-runtime:2.2.6] AndroidManifest.xml:33:13-132
276            android:exported="false" />
276-->[com.google.android.datatransport:transport-runtime:2.2.6] AndroidManifest.xml:34:13-37
277
278        <service
278-->[androidx.room:room-runtime:2.2.5] AndroidManifest.xml:25:9-28:40
279            android:name="androidx.room.MultiInstanceInvalidationService"
279-->[androidx.room:room-runtime:2.2.5] AndroidManifest.xml:26:13-74
280            android:directBootAware="true"
280-->[androidx.room:room-runtime:2.2.5] AndroidManifest.xml:27:13-43
281            android:exported="false" />
281-->[androidx.room:room-runtime:2.2.5] AndroidManifest.xml:28:13-37
282    </application>
283
284</manifest>